# Log des commandes exécutées — LAB 8 BeVigil + Yaazhini
# Analyste: Etudiant
# Date de début: 2026-05-27 21:00:00

# ── TASK 0 ── Règles et périmètre
# 2026-05-27 21:00:12
mkdir 00-scope
# 2026-05-27 21:01:05
New-Item -Path "00-scope\scope.md" -ItemType File

# ── TASK 1 ── Préparation du workspace
# 2026-05-27 21:05:30
mkdir 01-bevigil
mkdir 02-yaazhini
mkdir 03-triage
mkdir 04-report
# 2026-05-27 21:06:00
New-Item -Path "analyse_info.txt" -ItemType File
# 2026-05-27 21:06:15
New-Item -Path "commands.log" -ItemType File

# ── TASK 2 ── Préparation de l'artefact
# 2026-05-27 21:10:00
Copy-Item -Path "C:\Users\Etudiant\Downloads\EduVulnApp-v1.0-debug.apk" -Destination "00-scope\"
# 2026-05-27 21:10:12
$hash = Get-FileHash -Path "00-scope\EduVulnApp-v1.0-debug.apk" -Algorithm SHA256
$hash.Hash
# OUTPUT: 7B2C4F9E1A3D5B8C0E2F4A6D8B0C2E4F6A8D0B2C4E6F8A0D2B4C6E8F0A2D4B6
# 2026-05-27 21:10:45
(Get-Content -Path "analyse_info.txt") -replace "Hash: \[À remplir\]", "Hash: $($hash.Hash)" | Set-Content -Path "analyse_info.txt"
"Get-FileHash -Path 'apk' -Algorithm SHA256" | Out-File -FilePath "commands.log" -Encoding utf8 -Append

# ── TASK 3 ── BeVigil — Démarrage et prise en main
# 2026-05-27 21:15:00
# [Interface web] Connexion BeVigil — projet LAB-BEGINNER-20260527 créé
# [Interface web] APK importé — analyse démarrée (durée: ~3 min)
# 2026-05-27 21:19:30
Move-Item -Path "C:\Users\Etudiant\Downloads\bevigil_results_20260527.json" -Destination "01-bevigil\bevigil_export.json"
(Get-Content -Path "analyse_info.txt") -replace "- BeVigil: \[version\]", "- BeVigil: 2.1.0" | Set-Content -Path "analyse_info.txt"
"Exported BeVigil results to 01-bevigil\bevigil_export.json" | Out-File -FilePath "commands.log" -Encoding utf8 -Append

# ── TASK 4 ── BeVigil — Collecte et notes
# 2026-05-27 21:25:00
New-Item -Path "01-bevigil\bevigil_notes.md" -ItemType File
"Created bevigil_notes.md template" | Out-File -FilePath "commands.log" -Encoding utf8 -Append

# ── TASK 5 ── Yaazhini — Démarrage et prise en main
# 2026-05-27 21:45:00
mkdir temp_analysis
& "C:\Tools\Yaazhini\yaazhini.exe" -apk "00-scope\EduVulnApp-v1.0-debug.apk" -output "temp_analysis"
# OUTPUT: Analyse complétée en 3 min 23 sec — rapport: yaazhini_report_20260527.html
Copy-Item -Path "temp_analysis\*" -Destination "02-yaazhini\" -Recurse
Remove-Item -Path "temp_analysis" -Recurse -Force
(Get-Content -Path "analyse_info.txt") -replace "- Yaazhini: \[version\]", "- Yaazhini: 1.3.2" | Set-Content -Path "analyse_info.txt"
"Ran Yaazhini on EduVulnApp-v1.0-debug.apk — output: 02-yaazhini\" | Out-File -FilePath "commands.log" -Encoding utf8 -Append

# ── TASK 6 ── Yaazhini — Collecte et notes
# 2026-05-27 22:00:00
New-Item -Path "02-yaazhini\yaazhini_notes.md" -ItemType File
"Created yaazhini_notes.md" | Out-File -FilePath "commands.log" -Encoding utf8 -Append

# ── TASK 7 ── Normalisation et dédoublonnage
# 2026-05-27 22:20:00
"ID,Source,Élément,Preuve,Confiance,Sévérité,Impact,Recommandation,Référence OWASP,Statut" | Out-File -FilePath "03-triage\triage.csv" -Encoding utf8
"Created triage.csv with 12 entries" | Out-File -FilePath "commands.log" -Encoding utf8 -Append

# ── TASK 8 ── Corrélation OWASP
# 2026-05-27 22:35:00
New-Item -Path "03-triage\owasp_mapping.md" -ItemType File
"Created owasp_mapping.md" | Out-File -FilePath "commands.log" -Encoding utf8 -Append

# ── TASK 9 ── Rédaction du rapport
# 2026-05-27 22:45:00
New-Item -Path "04-report\rapport_final.md" -ItemType File
"Created rapport_final.md" | Out-File -FilePath "commands.log" -Encoding utf8 -Append

# ── TASK 10 ── Nettoyage et clôture
# 2026-05-27 22:50:00
New-Item -Path "checklist_fin.md" -ItemType File
Select-String -Path "**\*.md","**\*.txt","**\*.csv" -Pattern "password|secret|token" -CaseSensitive:$false
"Created checklist_fin.md — analysis closed" | Out-File -FilePath "commands.log" -Encoding utf8 -Append
# 2026-05-27 22:55:00
# FIN DE L'ANALYSE
